This is pdfTeX, Version 3.1415926-1.40.10 (MiKTeX 2.8) (preloaded format=pdflatex 2009.12.21)  13 MAY 2012 22:06
entering extended mode
**G:/Studium*ETH/RoboCup/RoboCup-Estimator/Documentation/4_KalmanFilterEstimati
on/4_KalmanFilterEstimation.tex

("G:/Studium ETH/RoboCup/RoboCup-Estimator/Documentation/4_KalmanFilterEstimati
on/4_KalmanFilterEstimation.tex"
LaTeX2e <2009/09/24>
Babel <v3.8l> and hyphenation patterns for english, dumylang, nohyphenation, ge
rman, ngerman, german-x-2009-06-19, ngerman-x-2009-06-19, french, loaded.
! Undefined control sequence.
l.3 \chapter
            {Kalman Filtering: Implementation in the MATLAB Environment}
? 
! Emergency stop.
l.3 \chapter
            {Kalman Filtering: Implementation in the MATLAB Environment}
End of file on the terminal!

 
Here is how much of TeX's memory you used:
 7 strings out of 495285
 412 string characters out of 3181170
 45037 words of memory out of 3000000
 3306 multiletter control sequences out of 15000+200000
 3640 words of font info for 14 fonts, out of 3000000 for 9000
 14 hyphenation exceptions out of 8191
 5i,0n,1p,180b,8s stack positions out of 5000i,500n,10000p,200000b,50000s
!  ==> Fatal error occurred, no output PDF file produced!
